<?xml version="1.0" encoding="UTF-8"?>
<!-- Generated by org.testng.reporters.JUnitXMLReporter -->
<testsuite ignored="0" hostname="DeepthiBook" failures="0" tests="3" name="HomePageTest" time="4.247" errors="0" timestamp="2024-04-04T16:53:55 IST">
  <testcase classname="com.CRM.TestCases.HomePageTest" name="verifyAppTitle" time="0.03"/>
  <testcase classname="com.CRM.TestCases.HomePageTest" name="verifysignIn" time="0.091"/>
  <testcase classname="com.CRM.TestCases.HomePageTest" name="verifyAppUrl" time="0.012"/>
</testsuite> <!-- HomePageTest -->
