<?xml version="1.0" encoding="UTF-8"?>
<!-- Generated by org.testng.reporters.JUnitXMLReporter -->
<testsuite ignored="0" hostname="DeepthiBook" failures="0" tests="3" name="HomePageTest" time="9.578" errors="0" timestamp="2024-04-05T20:33:59 IST">
  <testcase classname="com.CRM.TestCases.HomePageTest" name="verifyAppTitle" time="0.041"/>
  <testcase classname="com.CRM.TestCases.HomePageTest" name="verifysignIn" time="0.175"/>
  <testcase classname="com.CRM.TestCases.HomePageTest" name="verifyAppUrl" time="0.027"/>
</testsuite> <!-- HomePageTest -->
