<?xml version="1.0" encoding="UTF-8"?>
<!-- Generated by org.testng.reporters.JUnitXMLReporter -->
<testsuite ignored="0" hostname="DeepthiBook" failures="0" tests="3" name="Test" time="5.387" errors="0" timestamp="2024-04-04T12:35:06 IST">
  <testcase classname="com.CRM.TestCases.HomePageTest" name="verifyAppTitle" time="0.035"/>
  <testcase classname="com.CRM.TestCases.HomePageTest" name="verifysignIn" time="1.078"/>
  <testcase classname="com.CRM.TestCases.HomePageTest" name="verifyAppUrl" time="0.018"/>
</testsuite> <!-- Test -->
