<?xml version="1.0" encoding="UTF-8"?>
<!-- Generated by org.testng.reporters.JUnitXMLReporter -->
<testsuite ignored="0" hostname="DeepthiBook" failures="0" tests="3" name="HomePageTest" time="7.544" errors="0" timestamp="2024-04-06T03:50:32 IST">
  <testcase classname="com.CRM.TestCases.HomePageTest" name="verifyAppTitle" time="0.054"/>
  <testcase classname="com.CRM.TestCases.HomePageTest" name="verifysignIn" time="0.108"/>
  <testcase classname="com.CRM.TestCases.HomePageTest" name="verifyAppUrl" time="0.019"/>
</testsuite> <!-- HomePageTest -->
