<?xml version="1.0" encoding="UTF-8"?>
<testsuite xmlns:xsi="http://www.w3.org/2001/XMLSchema-instance" xsi:noNamespaceSchemaLocation="https://maven.apache.org/surefire/maven-surefire-plugin/xsd/surefire-test-report-3.0.xsd" version="3.0" name="TestSuite" time="12.967" tests="4" errors="0" skipped="0" failures="0">
  <properties>
[...]
</properties>
  <testcase name="verifyAppTitle" classname="com.CRM.TestCases.HomePageTest" time="0.058">
    <system-out><![CDATA[Title is matched Customer Service - Login
]]></system-out>
    <system-err><![CDATA[SLF4J: Failed to load class "org.slf4j.impl.StaticLoggerBinder".
SLF4J: Defaulting to no-operation (NOP) logger implementation
SLF4J: See http://www.slf4j.org/codes.html#StaticLoggerBinder for further details.
Apr 06, 2024 3:50:29 AM org.openqa.selenium.devtools.CdpVersionFinder findNearestMatch
WARNING: Unable to find an exact match for CDP version 123, returning the closest version; found: 122; Please update to a Selenium version that supports CDP version 123
]]></system-err>
  </testcase>
  <testcase name="verifysignIn" classname="com.CRM.TestCases.HomePageTest" time="0.107">
    <system-out><![CDATA[Test pass : LOgin page should open
]]></system-out>
  </testcase>
  <testcase name="verifyAppUrl" classname="com.CRM.TestCases.HomePageTest" time="0.02">
    <system-out><![CDATA[Url is matched https://automationplayground.com/crm/login.html
]]></system-out>
  </testcase>
  <testcase name="verifylogin" classname="com.CRM.TestCases.LoginPageTest" time="0.551">
    <system-err><![CDATA[Apr 06, 2024 3:50:34 AM org.openqa.selenium.devtools.CdpVersionFinder findNearestMatch
WARNING: Unable to find an exact match for CDP version 123, returning the closest version; found: 122; Please update to a Selenium version that supports CDP version 123
]]></system-err>
  </testcase>
</testsuite>