<?xml version="1.0" encoding="UTF-8"?>
<testng-results ignored="0" total="4" passed="4" failed="0" skipped="0">
  <reporter-output>
  </reporter-output>
  <suite started-at="2024-04-06T03:50:25 IST" name="Suite" finished-at="2024-04-06T03:50:37 IST" duration-ms="12074">
    <groups>
    </groups>
    <test started-at="2024-04-06T03:50:25 IST" name="HomePageTest" finished-at="2024-04-06T03:50:32 IST" duration-ms="7544">
      <class name="com.CRM.TestCases.HomePageTest">
        <test-method is-config="true" signature="OpeningBrowser()[pri:0, instance:com.CRM.TestCases.HomePageTest@1ddf84b8]" started-at="2024-04-06T03:50:25 IST" name="OpeningBrowser" finished-at="2024-04-06T03:50:31 IST" duration-ms="6182" status="PASS">
          <reporter-output>
          </reporter-output>
        </test-method> <!-- OpeningBrowser -->
        <test-method is-config="true" signature="pagesetUp()[pri:0, instance:com.CRM.TestCases.HomePageTest@1ddf84b8]" started-at="2024-04-06T03:50:31 IST" name="pagesetUp" finished-at="2024-04-06T03:50:32 IST" duration-ms="1130" status="PASS">
          <reporter-output>
          </reporter-output>
        </test-method> <!-- pagesetUp -->
        <test-method signature="verifyAppTitle()[pri:1, instance:com.CRM.TestCases.HomePageTest@1ddf84b8]" started-at="2024-04-06T03:50:32 IST" name="verifyAppTitle" finished-at="2024-04-06T03:50:32 IST" duration-ms="54" status="PASS">
          <reporter-output>
          </reporter-output>
        </test-method> <!-- verifyAppTitle -->
        <test-method signature="verifysignIn()[pri:2, instance:com.CRM.TestCases.HomePageTest@1ddf84b8]" started-at="2024-04-06T03:50:32 IST" name="verifysignIn" finished-at="2024-04-06T03:50:32 IST" duration-ms="108" status="PASS">
          <reporter-output>
          </reporter-output>
        </test-method> <!-- verifysignIn -->
        <test-method signature="verifyAppUrl()[pri:3, instance:com.CRM.TestCases.HomePageTest@1ddf84b8]" started-at="2024-04-06T03:50:32 IST" name="verifyAppUrl" finished-at="2024-04-06T03:50:32 IST" duration-ms="19" status="PASS">
          <reporter-output>
          </reporter-output>
        </test-method> <!-- verifyAppUrl -->
      </class> <!-- com.CRM.TestCases.HomePageTest -->
    </test> <!-- HomePageTest -->
    <test started-at="2024-04-06T03:50:32 IST" name="LoginPageTest" finished-at="2024-04-06T03:50:37 IST" duration-ms="4476">
      <class name="com.CRM.TestCases.LoginPageTest">
        <test-method is-config="true" signature="OpeningBrowser()[pri:0, instance:com.CRM.TestCases.LoginPageTest@40ef3420]" started-at="2024-04-06T03:50:32 IST" name="OpeningBrowser" finished-at="2024-04-06T03:50:35 IST" duration-ms="2850" status="PASS">
          <reporter-output>
          </reporter-output>
        </test-method> <!-- OpeningBrowser -->
        <test-method is-config="true" signature="pagesetUp()[pri:0, instance:com.CRM.TestCases.LoginPageTest@40ef3420]" started-at="2024-04-06T03:50:35 IST" name="pagesetUp" finished-at="2024-04-06T03:50:36 IST" duration-ms="1074" status="PASS">
          <reporter-output>
          </reporter-output>
        </test-method> <!-- pagesetUp -->
        <test-method signature="verifylogin()[pri:0, instance:com.CRM.TestCases.LoginPageTest@40ef3420]" started-at="2024-04-06T03:50:36 IST" name="verifylogin" finished-at="2024-04-06T03:50:37 IST" duration-ms="550" status="PASS">
          <reporter-output>
          </reporter-output>
        </test-method> <!-- verifylogin -->
      </class> <!-- com.CRM.TestCases.LoginPageTest -->
    </test> <!-- LoginPageTest -->
  </suite> <!-- Suite -->
</testng-results>
