<?xml version="1.0" encoding="UTF-8"?>
<testng-results ignored="0" total="4" passed="4" failed="0" skipped="0">
  <reporter-output>
  </reporter-output>
  <suite started-at="2024-04-04T16:53:51 IST" name="Suite" finished-at="2024-04-04T16:53:59 IST" duration-ms="8819">
    <groups>
    </groups>
    <test started-at="2024-04-04T16:53:51 IST" name="HomePageTest" finished-at="2024-04-04T16:53:55 IST" duration-ms="4247">
      <class name="com.CRM.TestCases.HomePageTest">
        <test-method is-config="true" signature="OpeningBrowser()[pri:0, instance:com.CRM.TestCases.HomePageTest@223d2c72]" started-at="2024-04-04T16:53:51 IST" name="OpeningBrowser" finished-at="2024-04-04T16:53:54 IST" duration-ms="3137" status="PASS">
          <reporter-output>
          </reporter-output>
        </test-method> <!-- OpeningBrowser -->
        <test-method is-config="true" signature="pagesetUp()[pri:0, instance:com.CRM.TestCases.HomePageTest@223d2c72]" started-at="2024-04-04T16:53:54 IST" name="pagesetUp" finished-at="2024-04-04T16:53:55 IST" duration-ms="932" status="PASS">
          <reporter-output>
          </reporter-output>
        </test-method> <!-- pagesetUp -->
        <test-method signature="verifyAppTitle()[pri:1, instance:com.CRM.TestCases.HomePageTest@223d2c72]" started-at="2024-04-04T16:53:55 IST" name="verifyAppTitle" finished-at="2024-04-04T16:53:55 IST" duration-ms="30" status="PASS">
          <reporter-output>
          </reporter-output>
        </test-method> <!-- verifyAppTitle -->
        <test-method signature="verifysignIn()[pri:2, instance:com.CRM.TestCases.HomePageTest@223d2c72]" started-at="2024-04-04T16:53:55 IST" name="verifysignIn" finished-at="2024-04-04T16:53:55 IST" duration-ms="91" status="PASS">
          <reporter-output>
          </reporter-output>
        </test-method> <!-- verifysignIn -->
        <test-method signature="verifyAppUrl()[pri:3, instance:com.CRM.TestCases.HomePageTest@223d2c72]" started-at="2024-04-04T16:53:55 IST" name="verifyAppUrl" finished-at="2024-04-04T16:53:55 IST" duration-ms="12" status="PASS">
          <reporter-output>
          </reporter-output>
        </test-method> <!-- verifyAppUrl -->
      </class> <!-- com.CRM.TestCases.HomePageTest -->
    </test> <!-- HomePageTest -->
    <test started-at="2024-04-04T16:53:55 IST" name="LoginPageTest" finished-at="2024-04-04T16:53:59 IST" duration-ms="4530">
      <class name="com.CRM.TestCases.LoginPageTest">
        <test-method is-config="true" signature="OpeningBrowser()[pri:0, instance:com.CRM.TestCases.LoginPageTest@5656be13]" started-at="2024-04-04T16:53:55 IST" name="OpeningBrowser" finished-at="2024-04-04T16:53:57 IST" duration-ms="2557" status="PASS">
          <reporter-output>
          </reporter-output>
        </test-method> <!-- OpeningBrowser -->
        <test-method is-config="true" signature="pagesetUp()[pri:0, instance:com.CRM.TestCases.LoginPageTest@5656be13]" started-at="2024-04-04T16:53:57 IST" name="pagesetUp" finished-at="2024-04-04T16:53:59 IST" duration-ms="1245" status="PASS">
          <reporter-output>
          </reporter-output>
        </test-method> <!-- pagesetUp -->
        <test-method signature="verifylogin()[pri:0, instance:com.CRM.TestCases.LoginPageTest@5656be13]" started-at="2024-04-04T16:53:59 IST" name="verifylogin" finished-at="2024-04-04T16:53:59 IST" duration-ms="722" status="PASS">
          <reporter-output>
          </reporter-output>
        </test-method> <!-- verifylogin -->
      </class> <!-- com.CRM.TestCases.LoginPageTest -->
    </test> <!-- LoginPageTest -->
  </suite> <!-- Suite -->
</testng-results>
