<?xml version="1.0" encoding="UTF-8"?>
<testng-results ignored="0" total="4" passed="4" failed="0" skipped="0">
  <reporter-output>
  </reporter-output>
  <suite started-at="2024-04-05T20:33:50 IST" name="Suite" finished-at="2024-04-05T20:34:05 IST" duration-ms="14700">
    <groups>
    </groups>
    <test started-at="2024-04-05T20:33:50 IST" name="HomePageTest" finished-at="2024-04-05T20:33:59 IST" duration-ms="9578">
      <class name="com.CRM.TestCases.HomePageTest">
        <test-method is-config="true" signature="OpeningBrowser()[pri:0, instance:com.CRM.TestCases.HomePageTest@223d2c72]" started-at="2024-04-05T20:33:50 IST" name="OpeningBrowser" finished-at="2024-04-05T20:33:58 IST" duration-ms="8076" status="PASS">
          <reporter-output>
          </reporter-output>
        </test-method> <!-- OpeningBrowser -->
        <test-method is-config="true" signature="pagesetUp()[pri:0, instance:com.CRM.TestCases.HomePageTest@223d2c72]" started-at="2024-04-05T20:33:58 IST" name="pagesetUp" finished-at="2024-04-05T20:33:59 IST" duration-ms="1186" status="PASS">
          <reporter-output>
          </reporter-output>
        </test-method> <!-- pagesetUp -->
        <test-method signature="verifyAppTitle()[pri:1, instance:com.CRM.TestCases.HomePageTest@223d2c72]" started-at="2024-04-05T20:33:59 IST" name="verifyAppTitle" finished-at="2024-04-05T20:33:59 IST" duration-ms="41" status="PASS">
          <reporter-output>
          </reporter-output>
        </test-method> <!-- verifyAppTitle -->
        <test-method signature="verifysignIn()[pri:2, instance:com.CRM.TestCases.HomePageTest@223d2c72]" started-at="2024-04-05T20:33:59 IST" name="verifysignIn" finished-at="2024-04-05T20:33:59 IST" duration-ms="175" status="PASS">
          <reporter-output>
          </reporter-output>
        </test-method> <!-- verifysignIn -->
        <test-method signature="verifyAppUrl()[pri:3, instance:com.CRM.TestCases.HomePageTest@223d2c72]" started-at="2024-04-05T20:33:59 IST" name="verifyAppUrl" finished-at="2024-04-05T20:33:59 IST" duration-ms="27" status="PASS">
          <reporter-output>
          </reporter-output>
        </test-method> <!-- verifyAppUrl -->
      </class> <!-- com.CRM.TestCases.HomePageTest -->
    </test> <!-- HomePageTest -->
    <test started-at="2024-04-05T20:33:59 IST" name="LoginPageTest" finished-at="2024-04-05T20:34:05 IST" duration-ms="5045">
      <class name="com.CRM.TestCases.LoginPageTest">
        <test-method is-config="true" signature="OpeningBrowser()[pri:0, instance:com.CRM.TestCases.LoginPageTest@5656be13]" started-at="2024-04-05T20:33:59 IST" name="OpeningBrowser" finished-at="2024-04-05T20:34:03 IST" duration-ms="3124" status="PASS">
          <reporter-output>
          </reporter-output>
        </test-method> <!-- OpeningBrowser -->
        <test-method is-config="true" signature="pagesetUp()[pri:0, instance:com.CRM.TestCases.LoginPageTest@5656be13]" started-at="2024-04-05T20:34:03 IST" name="pagesetUp" finished-at="2024-04-05T20:34:04 IST" duration-ms="1220" status="PASS">
          <reporter-output>
          </reporter-output>
        </test-method> <!-- pagesetUp -->
        <test-method signature="verifylogin()[pri:0, instance:com.CRM.TestCases.LoginPageTest@5656be13]" started-at="2024-04-05T20:34:04 IST" name="verifylogin" finished-at="2024-04-05T20:34:04 IST" duration-ms="685" status="PASS">
          <reporter-output>
          </reporter-output>
        </test-method> <!-- verifylogin -->
      </class> <!-- com.CRM.TestCases.LoginPageTest -->
    </test> <!-- LoginPageTest -->
  </suite> <!-- Suite -->
</testng-results>
